<?xml version="1.0" encoding="UTF-8"?>
<!-- Generated by org.testng.reporters.JUnitReportReporter -->
<testsuite hostname="Ayazs-MacBook-Air.local" failures="0" tests="1" name="testcases.TC_001_Login" time="7.217" errors="0" timestamp="2023-02-07T11:27:57 IST" skipped="0">
  <testcase classname="testcases.TC_001_Login" name="TC_001_Login" time="7.217"/>
  <system-out/>
</testsuite> <!-- testcases.TC_001_Login -->
