<?xml version="1.0" encoding="UTF-8"?>
<!-- Generated by org.testng.reporters.JUnitReportReporter -->
<testsuite hostname="Ayazs-MacBook-Air.local" failures="0" tests="1" name="testcases.TC_002_BookFlight" time="17.420" errors="0" timestamp="2023-02-07T11:27:57 IST" skipped="0">
  <testcase classname="testcases.TC_002_BookFlight" name="TC_002_BookFlight" time="17.420"/>
  <system-out/>
</testsuite> <!-- testcases.TC_002_BookFlight -->
