<?xml version="1.0" encoding="UTF-8"?>
<!-- Generated by org.testng.reporters.JUnitReportReporter -->
<testsuite hostname="Ayazs-MacBook-Air.local" failures="0" tests="1" name="testcases.TC_003_Register" time="13.760" errors="0" timestamp="2023-02-06T13:54:39 IST" skipped="0">
  <testcase classname="testcases.TC_003_Register" name="TC_003_Register" time="13.760"/>
  <system-out/>
</testsuite> <!-- testcases.TC_003_Register -->
