<?xml version="1.0" encoding="UTF-8"?>
<!-- Generated by org.testng.reporters.JUnitReportReporter -->
<testsuite hostname="Ayazs-MacBook-Air.local" failures="0" tests="1" name="testcases.TC_002_BookFlight" time="18.415" errors="0" timestamp="2023-02-06T13:54:39 IST" skipped="0">
  <testcase classname="testcases.TC_002_BookFlight" name="TC_002_BookFlight" time="18.415"/>
  <system-out/>
</testsuite> <!-- testcases.TC_002_BookFlight -->
